2025-12-21 15:32:14 INFO  TC_004_loginDDT_1:48 - From test suite
2025-12-21 15:32:15 INFO  TC_004_loginDDT_1:54 - tutorialsninja.com Demo
2025-12-21 15:32:17 INFO  TC_004_loginDDT_1:19 - Starting of TC_004_loginDDT_1
2025-12-21 15:32:17 INFO  TC_004_loginDDT_1:30 - Clicked on my accountce.hardikdave@gmail.com
2025-12-21 15:32:18 INFO  TC_004_loginDDT_1:32 - Clicked on my LoginEncrypt@1827
2025-12-21 15:32:18 INFO  TC_004_loginDDT_1:38 - Added email
2025-12-21 15:32:18 INFO  TC_004_loginDDT_1:40 - Added password
2025-12-21 15:32:19 INFO  TC_004_loginDDT_1:42 - Login button clicked
2025-12-21 15:32:20 INFO  TC_004_loginDDT_1:19 - Starting of TC_004_loginDDT_1
2025-12-21 15:32:20 INFO  TC_004_loginDDT_1:30 - Clicked on my accountlakshmi@yahoo.com
2025-12-21 15:32:20 INFO  TC_004_loginDDT_1:32 - Clicked on my LoginLaxmi
2025-12-21 15:32:21 INFO  TC_004_loginDDT_1:38 - Added email
2025-12-21 15:32:21 INFO  TC_004_loginDDT_1:40 - Added password
2025-12-21 15:32:21 INFO  TC_004_loginDDT_1:42 - Login button clicked
2025-12-21 15:32:23 INFO  TC_004_loginDDT_1:82 - Ending of TC_004_loginDDT_1
2025-12-21 15:32:23 INFO  TC_004_loginDDT_1:19 - Starting of TC_004_loginDDT_1
2025-12-21 15:32:23 INFO  TC_004_loginDDT_1:30 - Clicked on my accountlaksh@yahoo.com
2025-12-21 15:32:23 INFO  TC_004_loginDDT_1:32 - Clicked on my LoginLakshmi
2025-12-21 15:32:24 INFO  TC_004_loginDDT_1:38 - Added email
2025-12-21 15:32:24 INFO  TC_004_loginDDT_1:40 - Added password
2025-12-21 15:32:25 INFO  TC_004_loginDDT_1:42 - Login button clicked
2025-12-21 15:32:25 INFO  TC_004_loginDDT_1:19 - Starting of TC_004_loginDDT_1
2025-12-21 15:32:26 INFO  TC_004_loginDDT_1:30 - Clicked on my accountlaks@yahoo.com
2025-12-21 15:32:26 INFO  TC_004_loginDDT_1:32 - Clicked on my Loginxyz
2025-12-21 15:32:26 INFO  TC_004_loginDDT_1:38 - Added email
2025-12-21 15:32:26 INFO  TC_004_loginDDT_1:40 - Added password
2025-12-21 15:32:27 INFO  TC_004_loginDDT_1:42 - Login button clicked
2025-12-21 15:32:46 INFO  TC_004_loginDDT_1:70 - ***from invalid else****
2025-12-21 15:32:46 INFO  TC_004_loginDDT_1:82 - Ending of TC_004_loginDDT_1
2025-12-21 15:32:46 INFO  TC_004_loginDDT_1:19 - Starting of TC_004_loginDDT_1
2025-12-21 15:32:46 ERROR TC_004_loginDDT_1:79 - Test failed... invalid session id
Build info: version: '4.39.0', revision: '126f156aee'
System info: os.name: 'Windows 11', os.arch: 'amd64', os.version: '10.0', java.version: '23.0.1'
Driver info: org.openqa.selenium.chrome.ChromeDriver
Command: [df0bff4e08408fb7a57ce0e88d17e76b, findElement {using=xpath, value=//span[normalize-space()='My Account']}]
Capabilities {acceptInsecureCerts: false, browserName: chrome, browserVersion: 143.0.7499.148, chrome: {chromedriverVersion: 143.0.7499.169 (164b20aab62..., userDataDir: C:\Users\cehar\AppData\Loca...}, fedcm:accounts: true, goog:chromeOptions: {debuggerAddress: localhost:61537}, goog:processID: 7672, networkConnectionEnabled: false, pageLoadStrategy: normal, platformName: windows, proxy: Proxy(), se:cdp: ws://localhost:61537/devtoo..., se:cdpVersion: 143.0.7499.148, setWindowRect: true, strictFileInteractability: false, timeouts: {implicit: 0, pageLoad: 300000, script: 30000}, unhandledPromptBehavior: dismiss and notify, webauthn:extension:credBlob: true, webauthn:extension:largeBlob: true, webauthn:extension:minPinLength: true, webauthn:extension:prf: true, webauthn:virtualAuthenticators: true}
Session ID: df0bff4e08408fb7a57ce0e88d17e76b
2025-12-21 15:32:46 INFO  TC_004_loginDDT_1:82 - Ending of TC_004_loginDDT_1
2025-12-21 15:32:46 INFO  TC_004_loginDDT_1:60 - From test tear down
